aDHDPAndroidDemomaster/build/outputs/logs/manifest-merger-debug-report.txt
-- Merging decision tree log ---
manifest
ADDED from src\main\AndroidManifest.xml:17:1-36:12
	package
		ADDED from src\main\AndroidManifest.xml:18:7-45
		INJECTED from src\main\AndroidManifest.xml
		INJECTED from src\main\AndroidManifest.xml
	android:versionName
		ADDED from src\main\AndroidManifest.xml:20:7-32
		INJECTED from src\main\AndroidManifest.xml
		INJECTED from src\main\AndroidManifest.xml
	android:versionCode
		ADDED from src\main\AndroidManifest.xml:19:7-30
		INJECTED from src\main\AndroidManifest.xml
		INJECTED from src\main\AndroidManifest.xml
	xmlns:android
		ADDED from src\main\AndroidManifest.xml:17:11-69
uses-sdk
ADDED from src\main\AndroidManifest.xml:21:5-22:47
	android:targetSdkVersion
		ADDED from src\main\AndroidManifest.xml:22:15-44
		INJECTED from src\main\AndroidManifest.xml
		INJECTED from src\main\AndroidManifest.xml
	android:minSdkVersion
		ADDED from src\main\AndroidManifest.xml:21:15-41
		INJECTED from src\main\AndroidManifest.xml
		INJECTED from src\main\AndroidManifest.xml
uses-permission#android.permission.BLUETOOTH
ADDED from src\main\AndroidManifest.xml:23:5-68
	android:name
		ADDED from src\main\AndroidManifest.xml:23:22-65
application
ADDED from src\main\AndroidManifest.xml:25:5-35:19
	android:label
		ADDED from src\main\AndroidManifest.xml:25:48-80
	android:icon
		ADDED from src\main\AndroidManifest.xml:25:18-47
activity#com.example.bluetooth.health.BluetoothHDPActivity
ADDED from src\main\AndroidManifest.xml:26:9-33:20
	android:screenOrientation
		ADDED from src\main\AndroidManifest.xml:28:19-55
	android:label
		ADDED from src\main\AndroidManifest.xml:27:19-51
	android:name
		ADDED from src\main\AndroidManifest.xml:26:19-55
intent-filter#android.intent.action.MAIN+android.intent.category.LAUNCHER
ADDED from src\main\AndroidManifest.xml:29:13-32:29
action#android.intent.action.MAIN
ADDED from src\main\AndroidManifest.xml:30:17-69
	android:name
		ADDED from src\main\AndroidManifest.xml:30:25-66
category#android.intent.category.LAUNCHER
ADDED from src\main\AndroidManifest.xml:31:17-77
	android:name
		ADDED from src\main\AndroidManifest.xml:31:27-74
service#com.example.bluetooth.health.BluetoothHDPService
ADDED from src\main\AndroidManifest.xml:34:9-56
	android:name
		ADDED from src\main\AndroidManifest.xml:34:18-53